\BOOKMARK [0][]{目录.0}{\376\377\166\356\137\125}{}% 1
\BOOKMARK [0][]{chapter.1}{\376\377\0001\000\040\133\236\232\214\211\201\154\102}{}% 2
\BOOKMARK [0][]{chapter.2}{\376\377\0002\000\040\133\236\232\214\121\205\133\271}{}% 3
\BOOKMARK [1][-]{section.2.1}{\376\377\0002\000.\0001\000\040\145\160\143\156\226\306\122\022\122\006}{chapter.2}% 4
\BOOKMARK [1][-]{section.2.2}{\376\377\0002\000.\0002\000\040\171\136\176\317\177\121\176\334\152\041\127\213}{chapter.2}% 5
\BOOKMARK [1][-]{section.2.3}{\376\377\0002\000.\0003\000\040\177\121\176\334\123\302\145\160}{chapter.2}% 6
\BOOKMARK [2][-]{subsection.2.3.1}{\376\377\0002\000.\0003\000.\0001\000\040\177\121\176\334\134\102\145\160}{section.2.3}% 7
\BOOKMARK [2][-]{subsection.2.3.2}{\376\377\0002\000.\0003\000.\0002\000\040\171\136\176\317\121\103\145\160\221\317}{section.2.3}% 8
\BOOKMARK [2][-]{subsection.2.3.3}{\376\377\0002\000.\0003\000.\0003\000\040\157\300\155\073\121\375\145\160}{section.2.3}% 9
\BOOKMARK [2][-]{subsection.2.3.4}{\376\377\0002\000.\0003\000.\0004\000\040\117\030\123\026\126\150}{section.2.3}% 10
\BOOKMARK [2][-]{subsection.2.3.5}{\376\377\0002\000.\0003\000.\0005\000\040\143\137\131\061\121\375\145\160}{section.2.3}% 11
\BOOKMARK [2][-]{subsection.2.3.6}{\376\377\0002\000.\0003\000.\0006\000\040\213\255\176\303\217\156\145\160}{section.2.3}% 12
\BOOKMARK [2][-]{subsection.2.3.7}{\376\377\0002\000.\0003\000.\0007\000\040\142\171\221\317\131\047\134\017}{section.2.3}% 13
\BOOKMARK [0][]{chapter.3}{\376\377\0003\000\040\133\236\232\214\176\323\147\234}{}% 14
\BOOKMARK [1][-]{section.3.1}{\376\377\0003\000.\0001\000\040\217\355\116\343\153\041\145\160\166\204\137\161\124\315}{chapter.3}% 15
\BOOKMARK [1][-]{section.3.2}{\376\377\0003\000.\0002\000\040\157\300\155\073\121\375\145\160\166\204\137\161\124\315}{chapter.3}% 16
\BOOKMARK [1][-]{section.3.3}{\376\377\0003\000.\0003\000\040\177\121\176\334\134\102\145\160\123\312\171\136\176\317\121\103\145\160\221\317\166\204\137\161\124\315}{chapter.3}% 17
\BOOKMARK [2][-]{subsection.3.3.1}{\376\377\0003\000.\0003\000.\0001\000\040\171\136\176\317\121\103\145\160\221\317\166\204\137\161\124\315}{section.3.3}% 18
\BOOKMARK [2][-]{subsection.3.3.2}{\376\377\0003\000.\0003\000.\0002\000\040\177\121\176\334\134\102\145\160\166\204\137\161\124\315}{section.3.3}% 19
\BOOKMARK [2][-]{subsection.3.3.3}{\376\377\0003\000.\0003\000.\0003\000\040\140\073\176\323}{section.3.3}% 20
\BOOKMARK [0][]{chapter.4}{\376\377\0004\000\040\140\073\176\323}{}% 21
