\BOOKMARK [0][]{section*.1}{\376\377\144\130\211\201}{}% 1
\BOOKMARK [0][]{目录.0}{\376\377\166\356\137\125}{}% 2
\BOOKMARK [0][]{chapter.1}{\376\377\0001\000\040\121\375\145\160\137\017\213\355\212\000\133\266\145\317\142\020\124\130}{}% 3
\BOOKMARK [1][-]{section.1.1}{\376\377\0001\000.\0001\000\040\121\375\145\160\137\017\213\355\212\000\151\202\217\360}{chapter.1}% 4
\BOOKMARK [1][-]{section.1.2}{\376\377\0001\000.\0002\000\040\121\375\145\160\137\017\213\355\212\000\133\266\145\317\142\020\124\130\214\003\170\024}{chapter.1}% 5
\BOOKMARK [2][-]{subsection.1.2.1}{\376\377\0001\000.\0002\000.\0001\000\040\000S\000M\000L\377\010\000S\000t\000a\000n\000d\000a\000r\000d\000\040\000M\000L\377\011}{section.1.2}% 6
\BOOKMARK [2][-]{subsection.1.2.2}{\376\377\0001\000.\0002\000.\0002\000\040\000H\000a\000s\000k\000e\000l\000l}{section.1.2}% 7
\BOOKMARK [2][-]{subsection.1.2.3}{\376\377\0001\000.\0002\000.\0003\000\040\000L\000i\000s\000p}{section.1.2}% 8
\BOOKMARK [1][-]{section.1.3}{\376\377\0001\000.\0003\000\040\121\375\145\160\137\017\177\026\172\013\166\204\147\052\147\145\215\213\122\277}{chapter.1}% 9
\BOOKMARK [0][]{chapter.2}{\376\377\0002\000\040\133\236\232\214\121\205\133\271}{}% 10
\BOOKMARK [1][-]{section.2.1}{\376\377\0002\000.\0001\000\040\133\236\232\214\121\205\133\271\151\202\217\360}{chapter.2}% 11
\BOOKMARK [1][-]{section.2.2}{\376\377\0002\000.\0002\000\040\121\375\145\160\137\017\177\026\172\013\000-\133\236\232\214\116\000}{chapter.2}% 12
\BOOKMARK [2][-]{subsection.2.2.1}{\376\377\0002\000.\0002\000.\0001\000\040\145\164\145\160\122\027\210\150\116\130\171\357\000M\000u\000l\000t}{section.2.2}% 13
\BOOKMARK [2][-]{subsection.2.2.2}{\376\377\0002\000.\0002\000.\0002\000\040\145\164\145\160\122\027\210\150\116\130\171\357\000M\000u\000l\000t\000x}{section.2.2}% 14
\BOOKMARK [2][-]{subsection.2.2.3}{\376\377\0002\000.\0002\000.\0003\000\040\000Z\000I\000P\124\214\000U\000N\000Z\000I\000P}{section.2.2}% 15
\BOOKMARK [1][-]{section.2.3}{\376\377\0002\000.\0003\000\040\121\375\145\160\137\017\177\026\172\013\000-\133\236\232\214\116\214}{chapter.2}% 16
\BOOKMARK [2][-]{subsection.2.3.1}{\376\377\0002\000.\0003\000.\0001\000\040\000o\000d\000d\000P\121\375\145\160}{section.2.3}% 17
\BOOKMARK [2][-]{subsection.2.3.2}{\376\377\0002\000.\0003\000.\0002\000\040\000i\000n\000t\000e\000r\000l\000e\000a\000v\000e\121\375\145\160}{section.2.3}% 18
\BOOKMARK [2][-]{subsection.2.3.3}{\376\377\0002\000.\0003\000.\0003\000\040\000P\000r\000e\000f\000i\000x\000S\000u\000m\121\375\145\160}{section.2.3}% 19
\BOOKMARK [1][-]{section.2.4}{\376\377\0002\000.\0004\000\040\121\375\145\160\137\017\177\026\172\013\000-\133\236\232\214\116\011}{chapter.2}% 20
\BOOKMARK [2][-]{subsection.2.4.1}{\376\377\0002\000.\0004\000.\0001\000\040\000l\000i\000s\000t\000T\000o\000T\000r\000e\000e}{section.2.4}% 21
\BOOKMARK [2][-]{subsection.2.4.2}{\376\377\0002\000.\0004\000.\0002\000\040\000r\000e\000v\000T}{section.2.4}% 22
\BOOKMARK [2][-]{subsection.2.4.3}{\376\377\0002\000.\0004\000.\0003\000\040\000b\000i\000n\000a\000r\000y\000S\000e\000a\000r\000c\000h}{section.2.4}% 23
\BOOKMARK [1][-]{section.2.5}{\376\377\0002\000.\0005\000\040\121\375\145\160\137\017\177\026\172\013\000-\133\236\232\214\126\333}{chapter.2}% 24
\BOOKMARK [2][-]{subsection.2.5.1}{\376\377\0002\000.\0005\000.\0001\000\040\000f\000i\000n\000d\000O\000d\000d}{section.2.5}% 25
\BOOKMARK [2][-]{subsection.2.5.2}{\376\377\0002\000.\0005\000.\0002\000\040\000m\000a\000p\000L\000i\000s\000t}{section.2.5}% 26
\BOOKMARK [0][]{chapter.3}{\376\377\0003\000\040\116\012\147\072\137\303\137\227\117\123\117\032}{}% 27
\BOOKMARK [1][-]{section.3.1}{\376\377\0003\000.\0001\000\040\133\236\232\214\140\073\176\323}{chapter.3}% 28
\BOOKMARK [1][-]{section.3.2}{\376\377\0003\000.\0002\000\040\220\107\122\060\166\204\225\356\230\230\123\312\211\343\121\263\145\271\137\017}{chapter.3}% 29
\BOOKMARK [0][]{chapter.4}{\376\377\0004\000\040\213\376\172\013\136\372\213\256\124\214\141\017\211\301}{}% 30
\BOOKMARK [1][-]{section.4.1}{\376\377\0004\000.\0001\000\040\213\376\172\013\167\345\213\306\150\263\164\006}{chapter.4}% 31
\BOOKMARK [1][-]{section.4.2}{\376\377\0004\000.\0002\000\040\213\376\172\013\136\372\213\256}{chapter.4}% 32
