\BOOKMARK [0][]{目录.0}{\376\377\166\356\137\125}{}% 1
\BOOKMARK [0][]{chapter.1}{\376\377\0001\000\040\213\376\172\013\116\373\122\241\151\202\217\360}{}% 2
\BOOKMARK [1][-]{section.1.1}{\376\377\0001\000.\0001\000\040\133\236\232\214\217\157\116\366\124\214\145\160\143\156}{chapter.1}% 3
\BOOKMARK [1][-]{section.1.2}{\376\377\0001\000.\0002\000\040\133\236\232\214\116\373\122\241}{chapter.1}% 4
\BOOKMARK [0][]{chapter.2}{\376\377\0002\000\040\000M\000y\000s\000q\000l\000\040\000f\000o\000r\000\040\000J\000s\000o\000n\133\236\232\214}{}% 5
\BOOKMARK [1][-]{section.2.1}{\376\377\0002\000.\0001\000\040\000J\000S\000O\000N\127\372\147\054\147\345\213\342}{chapter.2}% 6
\BOOKMARK [2][-]{subsection.2.1.1}{\376\377\0002\000.\0001\000.\0001\000\040\147\345\213\342\117\115\116\216\000\040\000T\000a\000m\000p\000a\000\040\166\204\125\106\142\067\117\341\140\157}{section.2.1}% 7
\BOOKMARK [2][-]{subsection.2.1.2}{\376\377\0002\000.\0001\000.\0002\000\040\147\345\213\342\125\106\142\067\117\341\140\157\166\204\225\056\124\214\145\160\221\317}{section.2.1}% 8
\BOOKMARK [2][-]{subsection.2.1.3}{\376\377\0002\000.\0001\000.\0003\000\040\147\345\213\342\125\106\142\067\117\341\140\157\166\204\121\205\133\271\124\214\000J\000S\000O\000N\174\173\127\213}{section.2.1}% 9
\BOOKMARK [2][-]{subsection.2.1.4}{\376\377\0002\000.\0001\000.\0004\000\040\147\345\213\342\142\345\147\011\165\065\211\306\116\024\146\037\147\037\131\051\116\015\204\045\116\032\166\204\125\106\142\067\117\341\140\157}{section.2.1}% 10
\BOOKMARK [2][-]{subsection.2.1.5}{\376\377\0002\000.\0001\000.\0005\000\040\117\177\165\050\000E\000X\000P\000L\000A\000I\000N\147\345\167\013\142\147\210\114\213\241\122\022\124\214\140\047\200\375\133\371\153\324}{section.2.1}% 11
\BOOKMARK [1][-]{section.2.2}{\376\377\0002\000.\0002\000\040\000J\000S\000O\000N\130\236\122\040\145\071}{chapter.2}% 12
\BOOKMARK [2][-]{subsection.2.2.1}{\376\377\0002\000.\0002\000.\0001\000\040\146\364\145\260\125\106\142\067\117\341\140\157}{section.2.2}% 13
\BOOKMARK [2][-]{subsection.2.2.2}{\376\377\0002\000.\0002\000.\0002\000\040\143\322\121\145\125\106\142\067\117\341\140\157\136\166\122\040\226\144\143\007\133\232\225\056\120\074\133\371}{section.2.2}% 14
\BOOKMARK [1][-]{section.2.3}{\376\377\0002\000.\0003\000\040\000J\000S\000O\000N\200\132\124\010}{chapter.2}% 15
\BOOKMARK [2][-]{subsection.2.3.1}{\376\377\0002\000.\0003\000.\0001\000\040\200\132\124\010\147\345\213\342\127\316\136\002\121\372\163\260\153\041\145\160}{section.2.3}% 16
\BOOKMARK [2][-]{subsection.2.3.2}{\376\377\0002\000.\0003\000.\0002\000\040\147\345\213\342\142\100\147\011\147\013\123\313\136\372\213\256}{section.2.3}% 17
\BOOKMARK [1][-]{section.2.4}{\376\377\0002\000.\0004\000\040\000J\000S\000O\000N\133\236\165\050\121\375\145\160\166\204\117\177\165\050}{chapter.2}% 18
\BOOKMARK [2][-]{subsection.2.4.1}{\376\377\0002\000.\0004\000.\0001\000\040\147\345\213\342\125\106\224\372\204\045\116\032\145\366\225\364}{section.2.4}% 19
\BOOKMARK [2][-]{subsection.2.4.2}{\376\377\0002\000.\0004\000.\0002\000\040\147\345\213\342\000u\000s\000e\000r\166\370\121\163\123\302\145\160\123\312\154\102\124\214}{section.2.4}% 20
\BOOKMARK [2][-]{subsection.2.4.3}{\376\377\0002\000.\0004\000.\0003\000\040\124\010\136\166\000J\000S\000O\000N\116\062}{section.2.4}% 21
\BOOKMARK [2][-]{subsection.2.4.4}{\376\377\0002\000.\0004\000.\0004\000\040\147\345\213\342\210\253\213\304\213\272\145\160\122\115\116\011\166\204\125\106\142\067\116\000\124\150\204\045\116\032\145\366\153\265}{section.2.4}% 22
\BOOKMARK [1][-]{section.2.5}{\376\377\0002\000.\0005\000\040\133\236\232\214\140\073\176\323}{chapter.2}% 23
\BOOKMARK [0][]{chapter.3}{\376\377\0003\000\040\000M\000o\000n\000g\000o\000D\000B\133\236\232\214}{}% 24
\BOOKMARK [1][-]{section.3.1}{\376\377\0003\000.\0001\000\040\147\141\116\366\147\345\213\342\116\016\142\147\210\114\213\241\122\022}{chapter.3}% 25
\BOOKMARK [2][-]{subsection.3.1.1}{\376\377\0003\000.\0001\000.\0001\000\040\147\345\213\342\000u\000s\000e\000r\226\306\124\010\116\055\162\171\133\232\000f\000u\000n\000n\000y\120\074\166\204\165\050\142\067}{section.3.1}% 26
\BOOKMARK [2][-]{subsection.3.1.2}{\376\377\0003\000.\0001\000.\0002\000\040\147\345\213\342\156\341\215\263\147\141\116\366\166\204\116\032\122\241\145\160\143\156}{section.3.1}% 27
\BOOKMARK [2][-]{subsection.3.1.3}{\376\377\0003\000.\0001\000.\0003\000\040\147\345\213\342\174\173\166\356\145\160\116\072\0006\166\204\125\106\142\067\117\341\140\157}{section.3.1}% 28
\BOOKMARK [2][-]{subsection.3.1.4}{\376\377\0003\000.\0001\000.\0004\000\040\117\177\165\050\000\040\000e\000x\000p\000l\000a\000i\000n\000\040\147\345\167\013\147\345\213\342\142\147\210\114\213\241\122\022\124\214\140\047\200\375}{section.3.1}% 29
\BOOKMARK [1][-]{section.3.2}{\376\377\0003\000.\0002\000\040\200\132\124\010\116\016\175\042\137\025}{chapter.3}% 30
\BOOKMARK [2][-]{subsection.3.2.1}{\376\377\0003\000.\0002\000.\0001\000\040\176\337\213\241\124\004\116\052\146\037\176\247\166\204\125\106\136\227\116\052\145\160}{section.3.2}% 31
\BOOKMARK [2][-]{subsection.3.2.2}{\376\377\0003\000.\0002\000.\0002\000\040\122\033\136\372\133\120\226\306\000S\000u\000b\000v\000i\000e\000w}{section.3.2}% 32
\BOOKMARK [2][-]{subsection.3.2.3}{\376\377\0003\000.\0002\000.\0003\000\040\147\345\213\342\215\335\171\273\125\106\133\266\0001\0000\0000\174\163\116\345\121\205\166\204\125\106\133\266\117\341\140\157}{section.3.2}% 33
\BOOKMARK [2][-]{subsection.3.2.4}{\376\377\0003\000.\0002\000.\0004\000\040\176\337\213\241\116\316\0002\0000\0001\0007\136\164\137\000\131\313\165\050\142\067\123\321\121\372\166\204\213\304\116\367\153\041\145\160\136\166\143\011\153\041\145\160\226\115\136\217\143\222\136\217}{section.3.2}% 34
\BOOKMARK [1][-]{section.3.3}{\376\377\0003\000.\0003\000\040\000M\000a\000p\000R\000e\000d\000u\000c\000e\166\204\117\177\165\050}{chapter.3}% 35
\BOOKMARK [1][-]{section.3.4}{\376\377\0003\000.\0004\000\040\133\236\232\214\140\073\176\323}{chapter.3}% 36
\BOOKMARK [0][]{chapter.4}{\376\377\0004\000\040\000N\000e\000o\0004\000j\133\236\232\214}{}% 37
\BOOKMARK [1][-]{section.4.1}{\376\377\0004\000.\0001\000\040\147\345\213\342\213\304\116\367\217\307\143\007\133\232\125\106\133\266\166\204\165\050\142\067\166\204\124\015\133\127\124\214\174\211\116\035\145\160}{chapter.4}% 38
\BOOKMARK [1][-]{section.4.2}{\376\377\0004\000.\0002\000\040\147\345\213\342\143\007\133\232\165\050\142\067\213\304\213\272\116\072\0005\146\037\166\204\125\106\133\266\124\015\171\360\124\214\127\060\127\100}{chapter.4}% 39
\BOOKMARK [1][-]{section.4.3}{\376\377\0004\000.\0003\000\040\147\345\213\342\143\007\133\232\125\106\133\266\123\005\124\053\166\204\171\315\174\173\136\166\116\345\122\027\210\150\137\142\137\017\217\324\126\336}{chapter.4}% 40
\BOOKMARK [1][-]{section.4.4}{\376\377\0004\000.\0004\000\040\147\345\213\342\000A\000l\000l\000i\000s\000o\000n\166\204\147\013\123\313\166\204\147\013\123\313\145\160\221\317}{chapter.4}% 41
\BOOKMARK [1][-]{section.4.5}{\376\377\0004\000.\0005\000\040\147\345\213\342\125\106\133\266\124\015\221\315\131\015\153\041\145\160\122\115\0001\0000\166\204\125\106\133\266\124\015\123\312\121\166\153\041\145\160}{chapter.4}% 42
\BOOKMARK [1][-]{section.4.6}{\376\377\0004\000.\0006\000\040\176\337\213\241\153\317\116\052\125\106\133\266\210\253\131\032\134\021\116\052\116\015\124\014\165\050\142\067\213\304\213\272\217\307\377\014\143\011\161\147\153\144\145\160\221\317\226\115\136\217\143\222\122\027}{chapter.4}% 43
\BOOKMARK [1][-]{section.4.7}{\376\377\0004\000.\0007\000\040\147\345\213\342\116\016\143\007\133\232\165\050\142\067\154\241\147\011\147\013\123\313\121\163\174\373\377\014\117\106\116\016\121\166\213\304\116\367\217\307\166\370\124\014\125\106\133\266\166\204\165\050\142\067}{chapter.4}% 44
\BOOKMARK [1][-]{section.4.8}{\376\377\0004\000.\0008\000\040\147\345\213\342\116\016\143\007\133\232\165\050\142\067\154\241\147\011\147\013\123\313\121\163\174\373\377\014\117\106\116\016\121\166\213\304\116\367\217\307\166\370\124\014\125\106\133\266\166\204\165\050\142\067}{chapter.4}% 45
\BOOKMARK [1][-]{section.4.9}{\376\377\0004\000.\0009\000\040\133\236\232\214\140\073\176\323}{chapter.4}% 46
\BOOKMARK [0][]{chapter.5}{\376\377\0005\000\040\131\032\145\160\143\156\136\223\116\244\116\222\136\224\165\050\133\236\232\214}{}% 47
\BOOKMARK [1][-]{section.5.1}{\376\377\0005\000.\0001\000\040\000N\000e\000o\0004\000j\147\345\142\176}{chapter.5}% 48
\BOOKMARK [1][-]{section.5.2}{\376\377\0005\000.\0002\000\040\145\160\143\156\133\374\121\145\000M\000o\000n\000g\000o\000D\000B}{chapter.5}% 49
\BOOKMARK [1][-]{section.5.3}{\376\377\0005\000.\0003\000\040\133\236\232\214\176\323\147\234}{chapter.5}% 50
\BOOKMARK [0][]{chapter.6}{\376\377\0006\000\040\116\015\124\014\174\173\127\213\145\160\143\156\136\223\000M\000V\000C\000C\131\032\162\110\147\054\136\166\123\321\143\247\122\066\133\371\153\324\133\236\232\214}{}% 51
\BOOKMARK [1][-]{section.6.1}{\376\377\0006\000.\0001\000\040\000M\000y\000s\000q\000l\000-\000M\000V\000C\000C\136\166\123\321\143\247\122\066}{chapter.6}% 52
\BOOKMARK [1][-]{section.6.2}{\376\377\0006\000.\0002\000\040\000M\000o\000n\000g\000o\000D\000B\000-\000M\000V\000C\000C\136\166\123\321\143\247\122\066}{chapter.6}% 53
\BOOKMARK [1][-]{section.6.3}{\376\377\0006\000.\0003\000\040\133\371\153\324\122\006\147\220}{chapter.6}% 54
\BOOKMARK [0][]{chapter.7}{\376\377\0007\000\040\213\376\172\013\140\073\176\323}{}% 55
