2023-12-09 12:58:25.210  INFO 11124 --- [restartedMain] c.h.carrothole.CarrotholeApplication     : Starting CarrotholeApplication using Java 17.0.1 on LAPTOP-MLOEKGFM with PID 11124 (E:\Content\Carrot-Hole\target\classes started by MYH in E:\Content\Carrot-Hole)
2023-12-09 12:58:25.219 DEBUG 11124 --- [restartedMain] c.h.carrothole.CarrotholeApplication     : Running with Spring Boot v2.7.16, Spring v5.3.30
2023-12-09 12:58:25.221  INFO 11124 --- [restartedMain] c.h.carrothole.CarrotholeApplication     : No active profile set, falling back to 1 default profile: "default"
2023-12-09 12:58:25.301  INFO 11124 --- [restartedMain] .e.DevToolsPropertyDefaultsPostProcessor : Devtools property defaults active! Set 'spring.devtools.add-properties' to 'false' to disable
2023-12-09 12:58:25.301  INFO 11124 --- [restartedMain] .e.DevToolsPropertyDefaultsPostProcessor : For additional web related logging consider setting the 'logging.level.web' property to 'DEBUG'
2023-12-09 12:58:26.556  INFO 11124 --- [restartedMain] o.s.b.w.embedded.tomcat.TomcatWebServer  : Tomcat initialized with port(s): 8080 (http)
2023-12-09 12:58:26.566  INFO 11124 --- [restartedMain] o.apache.catalina.core.StandardService   : Starting service [Tomcat]
2023-12-09 12:58:26.567  INFO 11124 --- [restartedMain] org.apache.catalina.core.StandardEngine  : Starting Servlet engine: [Apache Tomcat/9.0.80]
2023-12-09 12:58:26.690  INFO 11124 --- [restartedMain] o.a.c.c.C.[Tomcat].[localhost].[/]       : Initializing Spring embedded WebApplicationContext
2023-12-09 12:58:26.690  INFO 11124 --- [restartedMain] w.s.c.ServletWebServerApplicationContext : Root WebApplicationContext: initialization completed in 1388 ms
2023-12-09 12:58:27.626  INFO 11124 --- [restartedMain] o.s.b.d.a.OptionalLiveReloadServer       : LiveReload server is running on port 35729
2023-12-09 12:58:27.663  INFO 11124 --- [restartedMain] o.s.b.w.embedded.tomcat.TomcatWebServer  : Tomcat started on port(s): 8080 (http) with context path ''
2023-12-09 12:58:27.676  INFO 11124 --- [restartedMain] c.h.carrothole.CarrotholeApplication     : Started CarrotholeApplication in 2.938 seconds (JVM running for 4.278)
2023-12-09 12:58:32.631  INFO 11124 --- [http-nio-8080-exec-1] o.a.c.c.C.[Tomcat].[localhost].[/]       : Initializing Spring DispatcherServlet 'dispatcherServlet'
2023-12-09 12:58:32.632  INFO 11124 --- [http-nio-8080-exec-1] o.s.web.servlet.DispatcherServlet        : Initializing Servlet 'dispatcherServlet'
2023-12-09 12:58:32.633  INFO 11124 --- [http-nio-8080-exec-1] o.s.web.servlet.DispatcherServlet        : Completed initialization in 1 ms
2023-12-09 12:58:32.646 DEBUG 11124 --- [http-nio-8080-exec-1] c.h.c.interceptor.AuthInterceptor        : AuthInterceptor preHandle，handler=com.hust23se.carrothole.controller.AuthController#login(Map)
2023-12-09 12:58:32.775  INFO 11124 --- [http-nio-8080-exec-1] com.zaxxer.hikari.HikariDataSource       : HikariPool-1 - Starting...
2023-12-09 12:58:35.514  INFO 11124 --- [http-nio-8080-exec-1] com.zaxxer.hikari.HikariDataSource       : HikariPool-1 - Start completed.
2023-12-09 12:58:35.525 DEBUG 11124 --- [http-nio-8080-exec-1] c.h.c.mapper.UserMapper.selectList       : ==>  Preparing: SELECT user_id,user_name,password,level,register_date,login_date FROM user WHERE (user_name = ? AND password = ?)
2023-12-09 12:58:35.550 DEBUG 11124 --- [http-nio-8080-exec-1] c.h.c.mapper.UserMapper.selectList       : ==> Parameters: test(String), test(String)
2023-12-09 12:58:35.735 DEBUG 11124 --- [http-nio-8080-exec-1] c.h.c.mapper.UserMapper.selectList       : <==      Total: 0
2023-12-09 12:58:46.726 DEBUG 11124 --- [http-nio-8080-exec-3] c.h.c.interceptor.AuthInterceptor        : AuthInterceptor preHandle，handler=com.hust23se.carrothole.controller.PostController#getPostList()
2023-12-09 12:58:46.766 DEBUG 11124 --- [http-nio-8080-exec-3] c.h.c.mapper.PostMapper.selectList       : ==>  Preparing: SELECT post_id,post_title,post_content,post_date,post_like,user_id FROM post
2023-12-09 12:58:46.767 DEBUG 11124 --- [http-nio-8080-exec-3] c.h.c.mapper.PostMapper.selectList       : ==> Parameters: 
2023-12-09 12:58:46.837 DEBUG 11124 --- [http-nio-8080-exec-3] c.h.c.mapper.PostMapper.selectList       : <==      Total: 10
2023-12-09 12:58:53.068  INFO 11124 --- [SpringApplicationShutdownHook] com.zaxxer.hikari.HikariDataSource       : HikariPool-1 - Shutdown initiated...
2023-12-09 12:58:54.337  INFO 11124 --- [SpringApplicationShutdownHook] com.zaxxer.hikari.HikariDataSource       : HikariPool-1 - Shutdown completed.
