\BOOKMARK [0][]{section*.1}{\376\377\144\130\211\201}{}% 1
\BOOKMARK [0][]{目录.0}{\376\377\166\356\137\125}{}% 2
\BOOKMARK [0][]{chapter.1}{\376\377\0001\000\040\133\236\232\214\166\356\166\204}{}% 3
\BOOKMARK [0][]{chapter.2}{\376\377\0002\000\040\133\236\232\214\121\205\133\271}{}% 4
\BOOKMARK [1][-]{section.2.1}{\376\377\0002\000.\0001\000\040\127\372\116\216\165\050\142\067\166\204\143\250\203\120\174\373\176\337}{chapter.2}% 5
\BOOKMARK [2][-]{subsection.2.1.1}{\376\377\0002\000.\0001\000.\0001\000\040\145\160\143\156\230\204\131\004\164\006}{section.2.1}% 6
\BOOKMARK [2][-]{subsection.2.1.2}{\376\377\0002\000.\0001\000.\0002\000\040\127\372\116\216\165\050\142\067\166\204\143\250\203\120\173\227\154\325}{section.2.1}% 7
\BOOKMARK [2][-]{subsection.2.1.3}{\376\377\0002\000.\0001\000.\0003\000\040\133\236\232\214\176\323\147\234\213\304\117\060}{section.2.1}% 8
\BOOKMARK [1][-]{section.2.2}{\376\377\0002\000.\0002\000\040\127\372\116\216\121\205\133\271\166\204\143\250\203\120\174\373\176\337}{chapter.2}% 9
\BOOKMARK [2][-]{subsection.2.2.1}{\376\377\0002\000.\0002\000.\0001\000\040\145\160\143\156\230\204\131\004\164\006}{section.2.2}% 10
\BOOKMARK [2][-]{subsection.2.2.2}{\376\377\0002\000.\0002\000.\0002\000\040\127\372\116\216\121\205\133\271\166\204\143\250\203\120\173\227\154\325}{section.2.2}% 11
\BOOKMARK [2][-]{subsection.2.2.3}{\376\377\0002\000.\0002\000.\0003\000\040\133\236\232\214\176\323\147\234\213\304\117\060}{section.2.2}% 12
\BOOKMARK [1][-]{section.2.3}{\376\377\0002\000.\0003\000\040\217\333\226\066\121\205\133\271}{chapter.2}% 13
\BOOKMARK [0][]{chapter.3}{\376\377\0003\000\040\133\236\232\214\163\257\130\203\213\364\146\016}{}% 14
\BOOKMARK [0][]{chapter.4}{\376\377\0004\000\040\145\160\143\156\226\306\213\364\146\016}{}% 15
\BOOKMARK [0][]{chapter.5}{\376\377\0005\000\040\152\041\127\213\213\364\146\016}{}% 16
\BOOKMARK [1][-]{section.5.1}{\376\377\0005\000.\0001\000\040\127\372\116\216\165\050\142\067\166\204\143\250\203\120\174\373\176\337}{chapter.5}% 17
\BOOKMARK [2][-]{subsection.5.1.1}{\376\377\0005\000.\0001\000.\0001\000\040\173\227\154\325\173\200\116\313}{section.5.1}% 18
\BOOKMARK [2][-]{subsection.5.1.2}{\376\377\0005\000.\0001\000.\0002\000\040\145\160\143\156\230\204\131\004\164\006}{section.5.1}% 19
\BOOKMARK [2][-]{subsection.5.1.3}{\376\377\0005\000.\0001\000.\0003\000\040\166\370\117\074\136\246\213\241\173\227}{section.5.1}% 20
\BOOKMARK [2][-]{subsection.5.1.4}{\376\377\0005\000.\0001\000.\0004\000\040\143\250\203\120\165\037\142\020}{section.5.1}% 21
\BOOKMARK [2][-]{subsection.5.1.5}{\376\377\0005\000.\0001\000.\0005\000\040\217\367\117\140\124\310\136\014\117\030\123\026}{section.5.1}% 22
\BOOKMARK [2][-]{subsection.5.1.6}{\376\377\0005\000.\0001\000.\0006\000\040\133\236\232\214\176\323\147\234}{section.5.1}% 23
\BOOKMARK [1][-]{section.5.2}{\376\377\0005\000.\0002\000\040\127\372\116\216\121\205\133\271\166\204\143\250\203\120\174\373\176\337}{chapter.5}% 24
\BOOKMARK [2][-]{subsection.5.2.1}{\376\377\0005\000.\0002\000.\0001\000\040\173\227\154\325\173\200\116\313}{section.5.2}% 25
\BOOKMARK [2][-]{subsection.5.2.2}{\376\377\0005\000.\0002\000.\0002\000\040\145\160\143\156\230\204\131\004\164\006}{section.5.2}% 26
\BOOKMARK [2][-]{subsection.5.2.3}{\376\377\0005\000.\0002\000.\0003\000\040\166\370\117\074\136\246\213\241\173\227}{section.5.2}% 27
\BOOKMARK [2][-]{subsection.5.2.4}{\376\377\0005\000.\0002\000.\0004\000\040\143\250\203\120\165\037\142\020}{section.5.2}% 28
\BOOKMARK [2][-]{subsection.5.2.5}{\376\377\0005\000.\0002\000.\0005\000\040\217\367\117\140\124\310\136\014\117\030\123\026}{section.5.2}% 29
\BOOKMARK [2][-]{subsection.5.2.6}{\376\377\0005\000.\0002\000.\0006\000\040\133\236\232\214\176\323\147\234}{section.5.2}% 30
\BOOKMARK [0][]{chapter.6}{\376\377\0006\000\040\176\323\147\234\122\006\147\220}{}% 31
\BOOKMARK [0][]{chapter.7}{\376\377\0007\000\040\140\073\176\323\124\214\147\052\147\145\135\345\117\134}{}% 32
\BOOKMARK [1][-]{section.7.1}{\376\377\0007\000.\0001\000\040\133\236\232\214\140\073\176\323}{chapter.7}% 33
\BOOKMARK [1][-]{section.7.2}{\376\377\0007\000.\0002\000\040\147\052\147\145\135\345\117\134}{chapter.7}% 34
\BOOKMARK [0][]{appendix.1.A}{\376\377\226\104\137\125\000\040\000A\000\040\127\372\116\216\165\050\142\067\166\204\143\250\203\120\174\373\176\337\116\343\170\001}{}% 35
\BOOKMARK [0][]{appendix.1.B}{\376\377\226\104\137\125\000\040\000B\000\040\217\367\117\140\124\310\136\014\117\030\123\026\124\016\127\372\116\216\165\050\142\067\166\204\143\250\203\120\174\373\176\337\116\343\170\001}{}% 36
\BOOKMARK [0][]{appendix.1.C}{\376\377\226\104\137\125\000\040\000C\000\040\127\372\116\216\121\205\133\271\166\204\143\250\203\120\174\373\176\337\116\343\170\001}{}% 37
\BOOKMARK [0][]{appendix.1.D}{\376\377\226\104\137\125\000\040\000D\000\040\217\367\117\140\124\310\136\014\117\030\123\026\124\016\127\372\116\216\121\205\133\271\166\204\143\250\203\120\174\373\176\337\116\343\170\001}{}% 38
