\BOOKMARK [0][]{section*.1}{\376\377\000A\000b\000s\000t\000r\000a\000c\000t}{}% 1
\BOOKMARK [0][]{Contents.0}{\376\377\000C\000o\000n\000t\000e\000n\000t\000s}{}% 2
\BOOKMARK [0][]{section*.4}{\376\377\000L\000i\000s\000t\000\040\000o\000f\000\040\000F\000i\000g\000u\000r\000e\000s}{}% 3
\BOOKMARK [0][]{section*.6}{\376\377\000L\000i\000s\000t\000\040\000o\000f\000\040\000T\000a\000b\000l\000e\000s}{}% 4
\BOOKMARK [0][]{chapter.1}{\376\377\0001\000\040\000S\000i\000m\000p\000l\000e\000\040\000T\000e\000s\000t}{}% 5
\BOOKMARK [1][-]{section.1.1}{\376\377\0001\000.\0001\000\040\000L\000e\000v\000e\000l\000\040\0001}{chapter.1}% 6
\BOOKMARK [2][-]{subsection.1.1.1}{\376\377\0001\000.\0001\000.\0001\000\040\000L\000e\000v\000e\000l\000\040\0002}{section.1.1}% 7
\BOOKMARK [1][-]{section.1.2}{\376\377\0001\000.\0002\000\040\000F\000o\000n\000t}{chapter.1}% 8
\BOOKMARK [1][-]{section.1.3}{\376\377\0001\000.\0003\000\040\000E\000q\000u\000a\000t\000i\000o\000n}{chapter.1}% 9
\BOOKMARK [1][-]{section.1.4}{\376\377\0001\000.\0004\000\040\000L\000i\000s\000t\000\040\000E\000n\000v\000i\000r\000o\000n\000m\000e\000n\000t}{chapter.1}% 10
\BOOKMARK [0][]{chapter.2}{\376\377\0002\000\040\000O\000t\000h\000e\000r\000\040\000T\000e\000s\000t}{}% 11
\BOOKMARK [1][-]{section.2.1}{\376\377\0002\000.\0001\000\040\000C\000o\000d\000e\000\040\000H\000i\000g\000h\000l\000i\000g\000h\000t}{chapter.2}% 12
\BOOKMARK [1][-]{section.2.2}{\376\377\0002\000.\0002\000\040\000T\000h\000e\000o\000r\000e\000m}{chapter.2}% 13
\BOOKMARK [1][-]{section.2.3}{\376\377\0002\000.\0003\000\040\000A\000l\000g\000o\000r\000i\000t\000h\000m}{chapter.2}% 14
\BOOKMARK [1][-]{section.2.4}{\376\377\0002\000.\0004\000\040\000T\000a\000b\000l\000e}{chapter.2}% 15
\BOOKMARK [1][-]{section.2.5}{\376\377\0002\000.\0005\000\040\000F\000i\000g\000u\000r\000e}{chapter.2}% 16
\BOOKMARK [1][-]{section.2.6}{\376\377\0002\000.\0006\000\040\000B\000i\000b\000l\000i\000o\000g\000r\000a\000p\000h\000y}{chapter.2}% 17
\BOOKMARK [1][-]{section.2.7}{\376\377\0002\000.\0007\000\040\000\134\000a\000u\000t\000o\000r\000e\000f\000\040\000T\000e\000s\000t}{chapter.2}% 18
\BOOKMARK [0][-]{section*.11}{\376\377\000A\000c\000k\000n\000o\000w\000l\000e\000d\000g\000e}{}% 19
\BOOKMARK [0][-]{section*.13}{\376\377\000B\000i\000b\000l\000i\000o\000g\000r\000a\000p\000h\000y}{}% 20
\BOOKMARK [0][-]{appendix.1.A}{\376\377\000A\000p\000p\000e\000n\000d\000i\000x\000\040\000A\000\040\000P\000u\000b\000l\000i\000c\000a\000t\000i\000o\000n}{}% 21
\BOOKMARK [0][-]{appendix.1.B}{\376\377\000A\000p\000p\000e\000n\000d\000i\000x\000\040\000B\000\040\000T\000h\000i\000s\000\040\000i\000s\000\040\000a\000n\000\040\000a\000p\000p\000e\000n\000d\000i\000x}{}% 22
