\BOOKMARK [0][]{section*.1}{\376\377\144\130\211\201}{}% 1
\BOOKMARK [0][]{目录.0}{\376\377\166\356\137\125}{}% 2
\BOOKMARK [0][]{chapter.1}{\376\377\0001\000\040\133\236\232\214\166\356\166\204}{}% 3
\BOOKMARK [0][]{chapter.2}{\376\377\0002\000\040\145\160\143\156\226\306\213\364\146\016}{}% 4
\BOOKMARK [0][]{chapter.3}{\376\377\0003\000\040\152\041\127\213\116\313\176\315}{}% 5
\BOOKMARK [1][-]{section.3.1}{\376\377\0003\000.\0001\000\040\171\136\176\317\177\121\176\334\152\041\127\213}{chapter.3}% 6
\BOOKMARK [2][-]{subsection.3.1.1}{\376\377\0003\000.\0001\000.\0001\000\040\171\136\176\317\177\121\176\334\166\204\123\237\164\006}{section.3.1}% 7
\BOOKMARK [2][-]{subsection.3.1.2}{\376\377\0003\000.\0001\000.\0002\000\040\171\136\176\317\177\121\176\334\152\041\127\213\166\204\127\372\147\054\176\323\147\204}{section.3.1}% 8
\BOOKMARK [2][-]{subsection.3.1.3}{\376\377\0003\000.\0001\000.\0003\000\040\171\136\176\317\177\121\176\334\152\041\127\213\166\204\142\200\147\057\176\306\202\202}{section.3.1}% 9
\BOOKMARK [2][-]{subsection.3.1.4}{\376\377\0003\000.\0001\000.\0004\000\040\171\136\176\317\177\121\176\334\152\041\127\213\166\204\117\030\177\072\160\271}{section.3.1}% 10
\BOOKMARK [1][-]{section.3.2}{\376\377\0003\000.\0002\000\040\220\073\217\221\126\336\137\122\152\041\127\213}{chapter.3}% 11
\BOOKMARK [2][-]{subsection.3.2.1}{\376\377\0003\000.\0002\000.\0001\000\040\220\073\217\221\126\336\137\122\166\204\123\237\164\006}{section.3.2}% 12
\BOOKMARK [2][-]{subsection.3.2.2}{\376\377\0003\000.\0002\000.\0002\000\040\220\073\217\221\126\336\137\122\152\041\127\213\166\204\127\372\147\054\176\323\147\204}{section.3.2}% 13
\BOOKMARK [2][-]{subsection.3.2.3}{\376\377\0003\000.\0002\000.\0003\000\040\220\073\217\221\126\336\137\122\152\041\127\213\166\204\142\200\147\057\176\306\202\202}{section.3.2}% 14
\BOOKMARK [2][-]{subsection.3.2.4}{\376\377\0003\000.\0002\000.\0004\000\040\220\073\217\221\126\336\137\122\152\041\127\213\166\204\117\030\177\072\160\271}{section.3.2}% 15
\BOOKMARK [0][]{chapter.4}{\376\377\0004\000\040\133\236\232\214\176\323\147\234}{}% 16
\BOOKMARK [1][-]{section.4.1}{\376\377\0004\000.\0001\000\040\171\136\176\317\177\121\176\334\152\041\127\213\166\204\133\236\232\214\176\323\147\234}{chapter.4}% 17
\BOOKMARK [1][-]{section.4.2}{\376\377\0004\000.\0002\000\040\220\073\217\221\126\336\137\122\152\041\127\213\166\204\133\236\232\214\176\323\147\234}{chapter.4}% 18
\BOOKMARK [1][-]{section.4.3}{\376\377\0004\000.\0003\000\040\176\323\147\234\133\371\153\324\122\006\147\220}{chapter.4}% 19
\BOOKMARK [0][]{chapter.5}{\376\377\0005\000\040\140\073\176\323\124\214\147\052\147\145\135\345\117\134}{}% 20
\BOOKMARK [1][-]{section.5.1}{\376\377\0005\000.\0001\000\040\133\236\232\214\140\073\176\323}{chapter.5}% 21
\BOOKMARK [1][-]{section.5.2}{\376\377\0005\000.\0002\000\040\147\052\147\145\135\345\117\134}{chapter.5}% 22
\BOOKMARK [0][]{appendix.1.A}{\376\377\226\104\137\125\000\040\000A\000\040\171\136\176\317\177\121\176\334\152\041\127\213\116\343\170\001}{}% 23
\BOOKMARK [0][]{appendix.1.B}{\376\377\226\104\137\125\000\040\000B\000\040\220\073\217\221\126\336\137\122\152\041\127\213\116\343\170\001}{}% 24
\BOOKMARK [0][]{appendix.1.C}{\376\377\226\104\137\125\000\040\000C\000\040\171\136\176\317\177\121\176\334\152\041\127\213\230\204\155\113\150\067\117\213\134\125\171\072\116\343\170\001}{}% 25
\BOOKMARK [0][]{appendix.1.D}{\376\377\226\104\137\125\000\040\000D\000\040\220\073\217\221\126\336\137\122\152\041\127\213\230\204\155\113\150\067\117\213\134\125\171\072\116\343\170\001}{}% 26
